{"meta": {"format": 3, "version": "7.11.3", "timestamp": "2025-11-16T20:51:57.009190", "branch_coverage": false, "show_contexts": false}, "files": {"core/__init__.py": {"executed_lines": [1, 2, 3, 4, 6], "summary": {"covered_lines": 4, "num_statements": 4, "percent_covered": 100.0, "percent_covered_display": "100", "missing_lines": 0, "excluded_lines": 0}, "missing_lines": [], "excluded_lines": [], "functions": {"": {"executed_lines": [1, 2, 3, 4, 6], "summary": {"covered_lines": 4, "num_statements": 4, "percent_covered": 100.0, "percent_covered_display": "100", "missing_lines": 0, "excluded_lines": 0}, "missing_lines": [], "excluded_lines": []}}, "classes": {"": {"executed_lines": [1, 2, 3, 4, 6], "summary": {"covered_lines": 4, "num_statements": 4, "percent_covered": 100.0, "percent_covered_display": "100", "missing_lines": 0, "excluded_lines": 0}, "missing_lines": [], "excluded_lines": []}}}, "core/base_graph.py": {"executed_lines": [1, 7, 8, 9, 10, 13, 14, 21, 22, 23, 24, 25, 28, 29, 30, 31, 33, 35, 36, 37, 38, 39, 41, 43, 44, 46, 48, 49, 50, 51, 53, 80, 115, 127, 130, 132, 133, 136, 138, 139, 141, 143, 153, 154, 170, 171, 190, 191, 193, 194, 196, 197, 198, 199, 203, 206, 207, 214, 215, 217, 218, 220, 222, 223, 225, 227, 229, 231, 233, 236, 240, 244, 247, 249, 253, 254, 260, 261, 267, 268, 270, 271, 272, 274, 275, 279], "summary": {"covered_lines": 83, "num_statements": 162, "percent_covered": 51.23456790123457, "percent_covered_display": "51", "missing_lines": 79, "excluded_lines": 0}, "missing_lines": [55, 56, 58, 59, 60, 61, 63, 64, 67, 68, 69, 72, 73, 74, 76, 77, 78, 82, 83, 85, 86, 87, 88, 90, 93, 94, 97, 98, 99, 100, 101, 102, 105, 106, 107, 108, 109, 111, 112, 113, 128, 134, 145, 146, 147, 148, 150, 151, 156, 157, 160, 161, 164, 165, 166, 168, 173, 174, 177, 178, 179, 180, 183, 184, 185, 186, 188, 201, 238, 242, 251, 256, 257, 258, 263, 264, 265, 277, 280], "excluded_lines": [], "functions": {"GraphRepresentation.__init__": {"executed_lines": [22, 23, 24, 25, 28, 29, 30, 31], "summary": {"covered_lines": 8, "num_statements": 8, "percent_covered": 100.0, "percent_covered_display": "100", "missing_lines": 0, "excluded_lines": 0}, "missing_lines": [], "excluded_lines": []}, "GraphRepresentation.add_edge": {"executed_lines": [35, 36, 37, 38, 39], "summary": {"covered_lines": 5, "num_statements": 5, "percent_covered": 100.0, "percent_covered_display": "100", "missing_lines": 0, "excluded_lines": 0}, "missing_lines": [], "excluded_lines": []}, "GraphRepresentation.add_node_attr": {"executed_lines": [43, 44], "summary": {"covered_lines": 2, "num_statements": 2, "percent_covered": 100.0, "percent_covered_display": "100", "missing_lines": 0, "excluded_lines": 0}, "missing_lines": [], "excluded_lines": []}, "GraphRepresentation._invalidate_caches": {"executed_lines": [48, 49, 50, 51], "summary": {"covered_lines": 4, "num_statements": 4, "percent_covered": 100.0, "percent_covered_display": "100", "missing_lines": 0, "excluded_lines": 0}, "missing_lines": [], "excluded_lines": []}, "GraphRepresentation.to_networkx": {"executed_lines": [], "summary": {"covered_lines": 0, "num_statements": 17, "percent_covered": 0.0, "percent_covered_display": "0", "missing_lines": 17, "excluded_lines": 0}, "missing_lines": [55, 56, 58, 59, 60, 61, 63, 64, 67, 68, 69, 72, 73, 74, 76, 77, 78], "excluded_lines": []}, "GraphRepresentation.to_igraph": {"executed_lines": [], "summary": {"covered_lines": 0, "num_statements": 23, "percent_covered": 0.0, "percent_covered_display": "0", "missing_lines": 23, "excluded_lines": 0}, "missing_lines": [82, 83, 85, 86, 87, 88, 90, 93, 94, 97, 98, 99, 100, 101, 102, 105, 106, 107, 108, 109, 111, 112, 113], "excluded_lines": []}, "GraphRepresentation.to_adjacency_matrix": {"executed_lines": [127, 130, 132, 133, 136, 138, 139, 141], "summary": {"covered_lines": 8, "num_statements": 10, "percent_covered": 80.0, "percent_covered_display": "80", "missing_lines": 2, "excluded_lines": 0}, "missing_lines": [128, 134], "excluded_lines": []}, "GraphRepresentation.to_sparse_matrix": {"executed_lines": [], "summary": {"covered_lines": 0, "num_statements": 6, "percent_covered": 0.0, "percent_covered_display": "0", "missing_lines": 6, "excluded_lines": 0}, "missing_lines": [145, 146, 147, 148, 150, 151], "excluded_lines": []}, "GraphRepresentation.from_networkx": {"executed_lines": [], "summary": {"covered_lines": 0, "num_statements": 8, "percent_covered": 0.0, "percent_covered_display": "0", "missing_lines": 8, "excluded_lines": 0}, "missing_lines": [156, 157, 160, 161, 164, 165, 166, 168], "excluded_lines": []}, "GraphRepresentation.from_igraph": {"executed_lines": [], "summary": {"covered_lines": 0, "num_statements": 11, "percent_covered": 0.0, "percent_covered_display": "0", "missing_lines": 11, "excluded_lines": 0}, "missing_lines": [173, 174, 177, 178, 179, 180, 183, 184, 185, 186, 188], "excluded_lines": []}, "GraphRepresentation.from_adjacency_matrix": {"executed_lines": [193, 194, 196, 197, 198, 199, 203], "summary": {"covered_lines": 7, "num_statements": 8, "percent_covered": 87.5, "percent_covered_display": "88", "missing_lines": 1, "excluded_lines": 0}, "missing_lines": [201], "excluded_lines": []}, "BaseGraph.__init__": {"executed_lines": [215], "summary": {"covered_lines": 1, "num_statements": 1, "percent_covered": 100.0, "percent_covered_display": "100", "missing_lines": 0, "excluded_lines": 0}, "missing_lines": [], "excluded_lines": []}, "BaseGraph.n_nodes": {"executed_lines": [220], "summary": {"covered_lines": 1, "num_statements": 1, "percent_covered": 100.0, "percent_covered_display": "100", "missing_lines": 0, "excluded_lines": 0}, "missing_lines": [], "excluded_lines": []}, "BaseGraph.n_edges": {"executed_lines": [225], "summary": {"covered_lines": 1, "num_statements": 1, "percent_covered": 100.0, "percent_covered_display": "100", "missing_lines": 0, "excluded_lines": 0}, "missing_lines": [], "excluded_lines": []}, "BaseGraph.add_edge": {"executed_lines": [229], "summary": {"covered_lines": 1, "num_statements": 1, "percent_covered": 100.0, "percent_covered_display": "100", "missing_lines": 0, "excluded_lines": 0}, "missing_lines": [], "excluded_lines": []}, "BaseGraph.add_node_attr": {"executed_lines": [233], "summary": {"covered_lines": 1, "num_statements": 1, "percent_covered": 100.0, "percent_covered_display": "100", "missing_lines": 0, "excluded_lines": 0}, "missing_lines": [], "excluded_lines": []}, "BaseGraph.to_networkx": {"executed_lines": [], "summary": {"covered_lines": 0, "num_statements": 1, "percent_covered": 0.0, "percent_covered_display": "0", "missing_lines": 1, "excluded_lines": 0}, "missing_lines": [238], "excluded_lines": []}, "BaseGraph.to_igraph": {"executed_lines": [], "summary": {"covered_lines": 0, "num_statements": 1, "percent_covered": 0.0, "percent_covered_display": "0", "missing_lines": 1, "excluded_lines": 0}, "missing_lines": [242], "excluded_lines": []}, "BaseGraph.to_adjacency_matrix": {"executed_lines": [247], "summary": {"covered_lines": 1, "num_statements": 1, "percent_covered": 100.0, "percent_covered_display": "100", "missing_lines": 0, "excluded_lines": 0}, "missing_lines": [], "excluded_lines": []}, "BaseGraph.to_sparse_matrix": {"executed_lines": [], "summary": {"covered_lines": 0, "num_statements": 1, "percent_covered": 0.0, "percent_covered_display": "0", "missing_lines": 1, "excluded_lines": 0}, "missing_lines": [251], "excluded_lines": []}, "BaseGraph.from_networkx": {"executed_lines": [], "summary": {"covered_lines": 0, "num_statements": 3, "percent_covered": 0.0, "percent_covered_display": "0", "missing_lines": 3, "excluded_lines": 0}, "missing_lines": [256, 257, 258], "excluded_lines": []}, "BaseGraph.from_igraph": {"executed_lines": [], "summary": {"covered_lines": 0, "num_statements": 3, "percent_covered": 0.0, "percent_covered_display": "0", "missing_lines": 3, "excluded_lines": 0}, "missing_lines": [263, 264, 265], "excluded_lines": []}, "BaseGraph.from_adjacency_matrix": {"executed_lines": [270, 271, 272], "summary": {"covered_lines": 3, "num_statements": 3, "percent_covered": 100.0, "percent_covered_display": "100", "missing_lines": 0, "excluded_lines": 0}, "missing_lines": [], "excluded_lines": []}, "BaseGraph.validate": {"executed_lines": [], "summary": {"covered_lines": 0, "num_statements": 1, "percent_covered": 0.0, "percent_covered_display": "0", "missing_lines": 1, "excluded_lines": 0}, "missing_lines": [277], "excluded_lines": []}, "BaseGraph.__repr__": {"executed_lines": [], "summary": {"covered_lines": 0, "num_statements": 1, "percent_covered": 0.0, "percent_covered_display": "0", "missing_lines": 1, "excluded_lines": 0}, "missing_lines": [280], "excluded_lines": []}, "": {"executed_lines": [1, 7, 8, 9, 10, 13, 14, 21, 33, 41, 46, 53, 80, 115, 143, 153, 154, 170, 171, 190, 191, 206, 207, 214, 217, 218, 222, 223, 227, 231, 236, 240, 244, 249, 253, 254, 260, 261, 267, 268, 274, 275, 279], "summary": {"covered_lines": 40, "num_statements": 40, "percent_covered": 100.0, "percent_covered_display": "100", "missing_lines": 0, "excluded_lines": 0}, "missing_lines": [], "excluded_lines": []}}, "classes": {"GraphRepresentation": {"executed_lines": [22, 23, 24, 25, 28, 29, 30, 31, 35, 36, 37, 38, 39, 43, 44, 48, 49, 50, 51, 127, 130, 132, 133, 136, 138, 139, 141, 193, 194, 196, 197, 198, 199, 203], "summary": {"covered_lines": 34, "num_statements": 102, "percent_covered": 33.333333333333336, "percent_covered_display": "33", "missing_lines": 68, "excluded_lines": 0}, "missing_lines": [55, 56, 58, 59, 60, 61, 63, 64, 67, 68, 69, 72, 73, 74, 76, 77, 78, 82, 83, 85, 86, 87, 88, 90, 93, 94, 97, 98, 99, 100, 101, 102, 105, 106, 107, 108, 109, 111, 112, 113, 128, 134, 145, 146, 147, 148, 150, 151, 156, 157, 160, 161, 164, 165, 166, 168, 173, 174, 177, 178, 179, 180, 183, 184, 185, 186, 188, 201], "excluded_lines": []}, "BaseGraph": {"executed_lines": [215, 220, 225, 229, 233, 247, 270, 271, 272], "summary": {"covered_lines": 9, "num_statements": 20, "percent_covered": 45.0, "percent_covered_display": "45", "missing_lines": 11, "excluded_lines": 0}, "missing_lines": [238, 242, 251, 256, 257, 258, 263, 264, 265, 277, 280], "excluded_lines": []}, "": {"executed_lines": [1, 7, 8, 9, 10, 13, 14, 21, 33, 41, 46, 53, 80, 115, 143, 153, 154, 170, 171, 190, 191, 206, 207, 214, 217, 218, 222, 223, 227, 231, 236, 240, 244, 249, 253, 254, 260, 261, 267, 268, 274, 275, 279], "summary": {"covered_lines": 40, "num_statements": 40, "percent_covered": 100.0, "percent_covered_display": "100", "missing_lines": 0, "excluded_lines": 0}, "missing_lines": [], "excluded_lines": []}}}, "core/binary_tree.py": {"executed_lines": [1, 7, 8, 10, 13, 14, 21, 32, 84, 88, 92, 99, 106, 117, 139, 143, 227, 268, 301, 302, 376, 397], "summary": {"covered_lines": 20, "num_statements": 184, "percent_covered": 10.869565217391305, "percent_covered_display": "11", "missing_lines": 164, "excluded_lines": 0}, "missing_lines": [22, 25, 26, 27, 30, 51, 52, 55, 56, 57, 58, 59, 61, 64, 65, 66, 67, 68, 69, 70, 71, 73, 76, 79, 82, 86, 90, 94, 95, 96, 97, 101, 102, 103, 104, 108, 109, 111, 112, 113, 115, 124, 125, 127, 129, 130, 131, 132, 133, 134, 136, 137, 141, 155, 157, 159, 162, 163, 166, 167, 168, 169, 171, 172, 174, 177, 178, 179, 181, 184, 185, 188, 189, 190, 193, 197, 199, 200, 201, 202, 204, 205, 207, 208, 209, 212, 215, 217, 218, 219, 220, 222, 223, 225, 242, 243, 246, 247, 248, 250, 251, 253, 254, 256, 257, 259, 261, 263, 264, 266, 277, 278, 281, 282, 283, 286, 287, 288, 290, 291, 292, 293, 294, 296, 297, 299, 328, 331, 332, 334, 335, 336, 338, 341, 343, 344, 345, 346, 347, 350, 351, 354, 355, 356, 357, 360, 362, 363, 365, 368, 369, 370, 372, 374, 387, 389, 390, 391, 392, 393, 395, 398, 399, 400], "excluded_lines": [], "functions": {"BinaryTree.__init__": {"executed_lines": [], "summary": {"covered_lines": 0, "num_statements": 5, "percent_covered": 0.0, "percent_covered_display": "0", "missing_lines": 5, "excluded_lines": 0}, "missing_lines": [22, 25, 26, 27, 30], "excluded_lines": []}, "BinaryTree.add_edge": {"executed_lines": [], "summary": {"covered_lines": 0, "num_statements": 20, "percent_covered": 0.0, "percent_covered_display": "0", "missing_lines": 20, "excluded_lines": 0}, "missing_lines": [51, 52, 55, 56, 57, 58, 59, 61, 64, 65, 66, 67, 68, 69, 70, 71, 73, 76, 79, 82], "excluded_lines": []}, "BinaryTree.get_left_child": {"executed_lines": [], "summary": {"covered_lines": 0, "num_statements": 1, "percent_covered": 0.0, "percent_covered_display": "0", "missing_lines": 1, "excluded_lines": 0}, "missing_lines": [86], "excluded_lines": []}, "BinaryTree.get_right_child": {"executed_lines": [], "summary": {"covered_lines": 0, "num_statements": 1, "percent_covered": 0.0, "percent_covered_display": "0", "missing_lines": 1, "excluded_lines": 0}, "missing_lines": [90], "excluded_lines": []}, "BinaryTree.is_left_child": {"executed_lines": [], "summary": {"covered_lines": 0, "num_statements": 4, "percent_covered": 0.0, "percent_covered_display": "0", "missing_lines": 4, "excluded_lines": 0}, "missing_lines": [94, 95, 96, 97], "excluded_lines": []}, "BinaryTree.is_right_child": {"executed_lines": [], "summary": {"covered_lines": 0, "num_statements": 4, "percent_covered": 0.0, "percent_covered_display": "0", "missing_lines": 4, "excluded_lines": 0}, "missing_lines": [101, 102, 103, 104], "excluded_lines": []}, "BinaryTree.get_sibling": {"executed_lines": [], "summary": {"covered_lines": 0, "num_statements": 6, "percent_covered": 0.0, "percent_covered_display": "0", "missing_lines": 6, "excluded_lines": 0}, "missing_lines": [108, 109, 111, 112, 113, 115], "excluded_lines": []}, "BinaryTree.depth_first_search_lr": {"executed_lines": [], "summary": {"covered_lines": 0, "num_statements": 6, "percent_covered": 0.0, "percent_covered_display": "0", "missing_lines": 6, "excluded_lines": 0}, "missing_lines": [124, 125, 127, 129, 136, 137], "excluded_lines": []}, "BinaryTree.depth_first_search_lr.dfs": {"executed_lines": [], "summary": {"covered_lines": 0, "num_statements": 5, "percent_covered": 0.0, "percent_covered_display": "0", "missing_lines": 5, "excluded_lines": 0}, "missing_lines": [130, 131, 132, 133, 134], "excluded_lines": []}, "BinaryTree.get_leaves_lr": {"executed_lines": [], "summary": {"covered_lines": 0, "num_statements": 1, "percent_covered": 0.0, "percent_covered_display": "0", "missing_lines": 1, "excluded_lines": 0}, "missing_lines": [141], "excluded_lines": []}, "BinaryTree.horton_prune": {"executed_lines": [], "summary": {"covered_lines": 0, "num_statements": 41, "percent_covered": 0.0, "percent_covered_display": "0", "missing_lines": 41, "excluded_lines": 0}, "missing_lines": [155, 157, 159, 162, 163, 166, 167, 168, 169, 171, 172, 174, 177, 178, 179, 181, 184, 185, 188, 189, 190, 193, 197, 199, 200, 201, 202, 204, 205, 207, 208, 209, 212, 215, 217, 218, 219, 220, 222, 223, 225], "excluded_lines": []}, "BinaryTree.horton_strahler_order": {"executed_lines": [], "summary": {"covered_lines": 0, "num_statements": 16, "percent_covered": 0.0, "percent_covered_display": "0", "missing_lines": 16, "excluded_lines": 0}, "missing_lines": [242, 243, 246, 247, 248, 250, 251, 253, 254, 256, 257, 259, 261, 263, 264, 266], "excluded_lines": []}, "BinaryTree.validate": {"executed_lines": [], "summary": {"covered_lines": 0, "num_statements": 16, "percent_covered": 0.0, "percent_covered_display": "0", "missing_lines": 16, "excluded_lines": 0}, "missing_lines": [277, 278, 281, 282, 283, 286, 287, 288, 290, 291, 292, 293, 294, 296, 297, 299], "excluded_lines": []}, "BinaryTree.from_parent_array": {"executed_lines": [], "summary": {"covered_lines": 0, "num_statements": 28, "percent_covered": 0.0, "percent_covered_display": "0", "missing_lines": 28, "excluded_lines": 0}, "missing_lines": [328, 331, 332, 334, 335, 336, 338, 341, 343, 344, 345, 346, 347, 350, 351, 354, 355, 356, 357, 360, 362, 363, 365, 368, 369, 370, 372, 374], "excluded_lines": []}, "BinaryTree.to_parent_array_with_sides": {"executed_lines": [], "summary": {"covered_lines": 0, "num_statements": 7, "percent_covered": 0.0, "percent_covered_display": "0", "missing_lines": 7, "excluded_lines": 0}, "missing_lines": [387, 389, 390, 391, 392, 393, 395], "excluded_lines": []}, "BinaryTree.__repr__": {"executed_lines": [], "summary": {"covered_lines": 0, "num_statements": 3, "percent_covered": 0.0, "percent_covered_display": "0", "missing_lines": 3, "excluded_lines": 0}, "missing_lines": [398, 399, 400], "excluded_lines": []}, "": {"executed_lines": [1, 7, 8, 10, 13, 14, 21, 32, 84, 88, 92, 99, 106, 117, 139, 143, 227, 268, 301, 302, 376, 397], "summary": {"covered_lines": 20, "num_statements": 20, "percent_covered": 100.0, "percent_covered_display": "100", "missing_lines": 0, "excluded_lines": 0}, "missing_lines": [], "excluded_lines": []}}, "classes": {"BinaryTree": {"executed_lines": [], "summary": {"covered_lines": 0, "num_statements": 164, "percent_covered": 0.0, "percent_covered_display": "0", "missing_lines": 164, "excluded_lines": 0}, "missing_lines": [22, 25, 26, 27, 30, 51, 52, 55, 56, 57, 58, 59, 61, 64, 65, 66, 67, 68, 69, 70, 71, 73, 76, 79, 82, 86, 90, 94, 95, 96, 97, 101, 102, 103, 104, 108, 109, 111, 112, 113, 115, 124, 125, 127, 129, 130, 131, 132, 133, 134, 136, 137, 141, 155, 157, 159, 162, 163, 166, 167, 168, 169, 171, 172, 174, 177, 178, 179, 181, 184, 185, 188, 189, 190, 193, 197, 199, 200, 201, 202, 204, 205, 207, 208, 209, 212, 215, 217, 218, 219, 220, 222, 223, 225, 242, 243, 246, 247, 248, 250, 251, 253, 254, 256, 257, 259, 261, 263, 264, 266, 277, 278, 281, 282, 283, 286, 287, 288, 290, 291, 292, 293, 294, 296, 297, 299, 328, 331, 332, 334, 335, 336, 338, 341, 343, 344, 345, 346, 347, 350, 351, 354, 355, 356, 357, 360, 362, 363, 365, 368, 369, 370, 372, 374, 387, 389, 390, 391, 392, 393, 395, 398, 399, 400], "excluded_lines": []}, "": {"executed_lines": [1, 7, 8, 10, 13, 14, 21, 32, 84, 88, 92, 99, 106, 117, 139, 143, 227, 268, 301, 302, 376, 397], "summary": {"covered_lines": 20, "num_statements": 20, "percent_covered": 100.0, "percent_covered_display": "100", "missing_lines": 0, "excluded_lines": 0}, "missing_lines": [], "excluded_lines": []}}}, "core/tree.py": {"executed_lines": [1, 8, 9, 10, 12, 15, 16, 27, 28, 31, 32, 33, 34, 37, 38, 39, 41, 57, 58, 59, 62, 65, 68, 70, 74, 76, 77, 78, 80, 82, 84, 86, 88, 90, 92, 94, 96, 98, 100, 104, 110, 113, 114, 116, 117, 119, 120, 121, 123, 124, 126, 127, 129, 131, 133, 134, 136, 137, 139, 140, 141, 142, 144, 146, 156, 157, 158, 159, 160, 161, 163, 164, 165, 167, 177, 178, 180, 181, 182, 183, 185, 186, 189, 191, 192, 193, 194, 195, 196, 198, 204, 205, 208, 209, 210, 211, 212, 213, 216, 217, 218, 219, 220, 221, 223, 224, 225, 226, 227, 229, 231, 242, 244, 245, 247, 248, 249, 251, 252, 254, 256, 293, 304, 305, 306, 309, 310, 314, 316, 317, 318, 319, 321, 323, 325, 328, 330, 331, 351, 354, 355, 357, 359, 361, 364, 365, 366, 367, 369, 370, 372, 374, 385, 387, 388, 389, 390, 391, 393, 395, 399, 403, 404, 444, 445, 485, 486, 487], "summary": {"covered_lines": 166, "num_statements": 237, "percent_covered": 70.042194092827, "percent_covered_display": "70", "missing_lines": 71, "excluded_lines": 0}, "missing_lines": [72, 102, 111, 187, 270, 271, 272, 273, 274, 275, 277, 279, 281, 282, 283, 284, 285, 287, 288, 291, 311, 320, 322, 326, 358, 368, 397, 401, 410, 411, 413, 416, 417, 419, 421, 423, 426, 427, 428, 430, 431, 432, 433, 434, 435, 437, 438, 440, 442, 451, 453, 456, 457, 458, 459, 461, 463, 466, 467, 468, 470, 471, 473, 474, 475, 476, 477, 478, 480, 481, 483], "excluded_lines": [], "functions": {"Tree.__init__": {"executed_lines": [28, 31, 32, 33, 34, 37, 38, 39], "summary": {"covered_lines": 8, "num_statements": 8, "percent_covered": 100.0, "percent_covered_display": "100", "missing_lines": 0, "excluded_lines": 0}, "missing_lines": [], "excluded_lines": []}, "Tree.add_edge": {"executed_lines": [57, 58, 59, 62, 65, 68], "summary": {"covered_lines": 6, "num_statements": 6, "percent_covered": 100.0, "percent_covered_display": "100", "missing_lines": 0, "excluded_lines": 0}, "missing_lines": [], "excluded_lines": []}, "Tree.set_parent": {"executed_lines": [], "summary": {"covered_lines": 0, "num_statements": 1, "percent_covered": 0.0, "percent_covered_display": "0", "missing_lines": 1, "excluded_lines": 0}, "missing_lines": [72], "excluded_lines": []}, "Tree._invalidate_tree_caches": {"executed_lines": [76, 77, 78], "summary": {"covered_lines": 3, "num_statements": 3, "percent_covered": 100.0, "percent_covered_display": "100", "missing_lines": 0, "excluded_lines": 0}, "missing_lines": [], "excluded_lines": []}, "Tree.get_children": {"executed_lines": [82], "summary": {"covered_lines": 1, "num_statements": 1, "percent_covered": 100.0, "percent_covered_display": "100", "missing_lines": 0, "excluded_lines": 0}, "missing_lines": [], "excluded_lines": []}, "Tree.get_parent": {"executed_lines": [86], "summary": {"covered_lines": 1, "num_statements": 1, "percent_covered": 100.0, "percent_covered_display": "100", "missing_lines": 0, "excluded_lines": 0}, "missing_lines": [], "excluded_lines": []}, "Tree.is_leaf": {"executed_lines": [90], "summary": {"covered_lines": 1, "num_statements": 1, "percent_covered": 100.0, "percent_covered_display": "100", "missing_lines": 0, "excluded_lines": 0}, "missing_lines": [], "excluded_lines": []}, "Tree.is_root": {"executed_lines": [94], "summary": {"covered_lines": 1, "num_statements": 1, "percent_covered": 100.0, "percent_covered_display": "100", "missing_lines": 0, "excluded_lines": 0}, "missing_lines": [], "excluded_lines": []}, "Tree.get_leaves": {"executed_lines": [98], "summary": {"covered_lines": 1, "num_statements": 1, "percent_covered": 100.0, "percent_covered_display": "100", "missing_lines": 0, "excluded_lines": 0}, "missing_lines": [], "excluded_lines": []}, "Tree.get_internal_nodes": {"executed_lines": [], "summary": {"covered_lines": 0, "num_statements": 1, "percent_covered": 0.0, "percent_covered_display": "0", "missing_lines": 1, "excluded_lines": 0}, "missing_lines": [102], "excluded_lines": []}, "Tree.depth_first_search": {"executed_lines": [110, 113, 114, 116, 117, 119, 120, 121, 123, 124, 126, 127, 129], "summary": {"covered_lines": 13, "num_statements": 14, "percent_covered": 92.85714285714286, "percent_covered_display": "93", "missing_lines": 1, "excluded_lines": 0}, "missing_lines": [111], "excluded_lines": []}, "Tree.breadth_first_search": {"executed_lines": [133, 134, 136, 137, 139, 140, 141, 142, 144], "summary": {"covered_lines": 9, "num_statements": 9, "percent_covered": 100.0, "percent_covered_display": "100", "missing_lines": 0, "excluded_lines": 0}, "missing_lines": [], "excluded_lines": []}, "Tree.get_depth": {"executed_lines": [156, 157, 158, 159, 160, 161, 163, 164, 165], "summary": {"covered_lines": 9, "num_statements": 9, "percent_covered": 100.0, "percent_covered_display": "100", "missing_lines": 0, "excluded_lines": 0}, "missing_lines": [], "excluded_lines": []}, "Tree.get_subtree_size": {"executed_lines": [177, 178, 180, 181, 182, 183, 185, 186], "summary": {"covered_lines": 8, "num_statements": 9, "percent_covered": 88.88888888888889, "percent_covered_display": "89", "missing_lines": 1, "excluded_lines": 0}, "missing_lines": [187], "excluded_lines": []}, "Tree.get_path_to_root": {"executed_lines": [191, 192, 193, 194, 195, 196], "summary": {"covered_lines": 6, "num_statements": 6, "percent_covered": 100.0, "percent_covered_display": "100", "missing_lines": 0, "excluded_lines": 0}, "missing_lines": [], "excluded_lines": []}, "Tree.get_path_between": {"executed_lines": [204, 205, 208, 209, 210, 211, 212, 213, 216, 217, 218, 219, 220, 221, 223, 224, 225, 226, 227, 229], "summary": {"covered_lines": 20, "num_statements": 20, "percent_covered": 100.0, "percent_covered_display": "100", "missing_lines": 0, "excluded_lines": 0}, "missing_lines": [], "excluded_lines": []}, "Tree.get_distance": {"executed_lines": [242, 244, 245, 247, 248, 249, 251, 252, 254], "summary": {"covered_lines": 9, "num_statements": 9, "percent_covered": 100.0, "percent_covered_display": "100", "missing_lines": 0, "excluded_lines": 0}, "missing_lines": [], "excluded_lines": []}, "Tree.traverse_edges": {"executed_lines": [], "summary": {"covered_lines": 0, "num_statements": 16, "percent_covered": 0.0, "percent_covered_display": "0", "missing_lines": 16, "excluded_lines": 0}, "missing_lines": [270, 271, 272, 273, 274, 275, 277, 279, 281, 282, 283, 284, 285, 287, 288, 291], "excluded_lines": []}, "Tree.validate": {"executed_lines": [304, 305, 306, 309, 310, 314, 316, 325, 328], "summary": {"covered_lines": 9, "num_statements": 11, "percent_covered": 81.81818181818181, "percent_covered_display": "82", "missing_lines": 2, "excluded_lines": 0}, "missing_lines": [311, 326], "excluded_lines": []}, "Tree.validate.has_cycle": {"executed_lines": [317, 318, 319, 321, 323], "summary": {"covered_lines": 5, "num_statements": 7, "percent_covered": 71.42857142857143, "percent_covered_display": "71", "missing_lines": 2, "excluded_lines": 0}, "missing_lines": [320, 322], "excluded_lines": []}, "Tree.from_parent_array": {"executed_lines": [351, 354, 355, 357, 359, 361, 364, 365, 366, 367, 369, 370, 372], "summary": {"covered_lines": 13, "num_statements": 15, "percent_covered": 86.66666666666667, "percent_covered_display": "87", "missing_lines": 2, "excluded_lines": 0}, "missing_lines": [358, 368], "excluded_lines": []}, "Tree.to_parent_array": {"executed_lines": [385, 387, 388, 389, 390, 391, 393], "summary": {"covered_lines": 7, "num_statements": 7, "percent_covered": 100.0, "percent_covered_display": "100", "missing_lines": 0, "excluded_lines": 0}, "missing_lines": [], "excluded_lines": []}, "Tree.get_edge_length": {"executed_lines": [], "summary": {"covered_lines": 0, "num_statements": 1, "percent_covered": 0.0, "percent_covered_display": "0", "missing_lines": 1, "excluded_lines": 0}, "missing_lines": [397], "excluded_lines": []}, "Tree.total_length": {"executed_lines": [], "summary": {"covered_lines": 0, "num_statements": 1, "percent_covered": 0.0, "percent_covered_display": "0", "missing_lines": 1, "excluded_lines": 0}, "missing_lines": [401], "excluded_lines": []}, "Tree.from_networkx": {"executed_lines": [], "summary": {"covered_lines": 0, "num_statements": 21, "percent_covered": 0.0, "percent_covered_display": "0", "missing_lines": 21, "excluded_lines": 0}, "missing_lines": [410, 411, 413, 416, 417, 419, 421, 423, 426, 427, 428, 430, 431, 432, 433, 434, 435, 437, 438, 440, 442], "excluded_lines": []}, "Tree.from_igraph": {"executed_lines": [], "summary": {"covered_lines": 0, "num_statements": 22, "percent_covered": 0.0, "percent_covered_display": "0", "missing_lines": 22, "excluded_lines": 0}, "missing_lines": [451, 453, 456, 457, 458, 459, 461, 463, 466, 467, 468, 470, 471, 473, 474, 475, 476, 477, 478, 480, 481, 483], "excluded_lines": []}, "Tree.__repr__": {"executed_lines": [486, 487], "summary": {"covered_lines": 2, "num_statements": 2, "percent_covered": 100.0, "percent_covered_display": "100", "missing_lines": 0, "excluded_lines": 0}, "missing_lines": [], "excluded_lines": []}, "": {"executed_lines": [1, 8, 9, 10, 12, 15, 16, 27, 41, 70, 74, 80, 84, 88, 92, 96, 100, 104, 131, 146, 167, 189, 198, 231, 256, 293, 330, 331, 374, 395, 399, 403, 404, 444, 445, 485], "summary": {"covered_lines": 34, "num_statements": 34, "percent_covered": 100.0, "percent_covered_display": "100", "missing_lines": 0, "excluded_lines": 0}, "missing_lines": [], "excluded_lines": []}}, "classes": {"Tree": {"executed_lines": [28, 31, 32, 33, 34, 37, 38, 39, 57, 58, 59, 62, 65, 68, 76, 77, 78, 82, 86, 90, 94, 98, 110, 113, 114, 116, 117, 119, 120, 121, 123, 124, 126, 127, 129, 133, 134, 136, 137, 139, 140, 141, 142, 144, 156, 157, 158, 159, 160, 161, 163, 164, 165, 177, 178, 180, 181, 182, 183, 185, 186, 191, 192, 193, 194, 195, 196, 204, 205, 208, 209, 210, 211, 212, 213, 216, 217, 218, 219, 220, 221, 223, 224, 225, 226, 227, 229, 242, 244, 245, 247, 248, 249, 251, 252, 254, 304, 305, 306, 309, 310, 314, 316, 317, 318, 319, 321, 323, 325, 328, 351, 354, 355, 357, 359, 361, 364, 365, 366, 367, 369, 370, 372, 385, 387, 388, 389, 390, 391, 393, 486, 487], "summary": {"covered_lines": 132, "num_statements": 203, "percent_covered": 65.02463054187191, "percent_covered_display": "65", "missing_lines": 71, "excluded_lines": 0}, "missing_lines": [72, 102, 111, 187, 270, 271, 272, 273, 274, 275, 277, 279, 281, 282, 283, 284, 285, 287, 288, 291, 311, 320, 322, 326, 358, 368, 397, 401, 410, 411, 413, 416, 417, 419, 421, 423, 426, 427, 428, 430, 431, 432, 433, 434, 435, 437, 438, 440, 442, 451, 453, 456, 457, 458, 459, 461, 463, 466, 467, 468, 470, 471, 473, 474, 475, 476, 477, 478, 480, 481, 483], "excluded_lines": []}, "": {"executed_lines": [1, 8, 9, 10, 12, 15, 16, 27, 41, 70, 74, 80, 84, 88, 92, 96, 100, 104, 131, 146, 167, 189, 198, 231, 256, 293, 330, 331, 374, 395, 399, 403, 404, 444, 445, 485], "summary": {"covered_lines": 34, "num_statements": 34, "percent_covered": 100.0, "percent_covered_display": "100", "missing_lines": 0, "excluded_lines": 0}, "missing_lines": [], "excluded_lines": []}}}}, "totals": {"covered_lines": 273, "num_statements": 587, "percent_covered": 46.5076660988075, "percent_covered_display": "47", "missing_lines": 314, "excluded_lines": 0}}