{"meta": {"format": 3, "version": "7.11.3", "timestamp": "2025-11-17T16:42:34.672560", "branch_coverage": false, "show_contexts": false}, "files": {"core/__init__.py": {"executed_lines": [1, 2, 3, 4, 5, 6, 7, 8, 9, 10, 11, 12, 14], "summary": {"covered_lines": 12, "num_statements": 12, "percent_covered": 100.0, "percent_covered_display": "100", "missing_lines": 0, "excluded_lines": 0}, "missing_lines": [], "excluded_lines": [], "functions": {"": {"executed_lines": [1, 2, 3, 4, 5, 6, 7, 8, 9, 10, 11, 12, 14], "summary": {"covered_lines": 12, "num_statements": 12, "percent_covered": 100.0, "percent_covered_display": "100", "missing_lines": 0, "excluded_lines": 0}, "missing_lines": [], "excluded_lines": []}}, "classes": {"": {"executed_lines": [1, 2, 3, 4, 5, 6, 7, 8, 9, 10, 11, 12, 14], "summary": {"covered_lines": 12, "num_statements": 12, "percent_covered": 100.0, "percent_covered_display": "100", "missing_lines": 0, "excluded_lines": 0}, "missing_lines": [], "excluded_lines": []}}}, "core/base_graph.py": {"executed_lines": [1, 18, 19, 20, 22, 23, 30, 31, 32, 33, 34, 37, 38, 39, 40, 42, 44, 45, 46, 47, 48, 50, 52, 53, 55, 57, 58, 59, 60, 62, 89, 124, 136, 139, 141, 142, 145, 147, 148, 150, 152, 162, 163, 179, 180, 199, 200, 202, 203, 205, 206, 207, 208, 212, 215, 216, 223, 224, 226, 227, 229, 231, 232, 234, 236, 238, 240, 242, 245, 249, 253, 256, 258, 262, 263, 269, 270, 276, 277, 279, 280, 281, 283, 284, 288], "summary": {"covered_lines": 82, "num_statements": 161, "percent_covered": 50.93167701863354, "percent_covered_display": "51", "missing_lines": 79, "excluded_lines": 0}, "missing_lines": [64, 65, 67, 68, 69, 70, 72, 73, 76, 77, 78, 81, 82, 83, 85, 86, 87, 91, 92, 94, 95, 96, 97, 99, 102, 103, 106, 107, 108, 109, 110, 111, 114, 115, 116, 117, 118, 120, 121, 122, 137, 143, 154, 155, 156, 157, 159, 160, 165, 166, 169, 170, 173, 174, 175, 177, 182, 183, 186, 187, 188, 189, 192, 193, 194, 195, 197, 210, 247, 251, 260, 265, 266, 267, 272, 273, 274, 286, 289], "excluded_lines": [], "functions": {"GraphRepresentation.__init__": {"executed_lines": [31, 32, 33, 34, 37, 38, 39, 40], "summary": {"covered_lines": 8, "num_statements": 8, "percent_covered": 100.0, "percent_covered_display": "100", "missing_lines": 0, "excluded_lines": 0}, "missing_lines": [], "excluded_lines": []}, "GraphRepresentation.add_edge": {"executed_lines": [44, 45, 46, 47, 48], "summary": {"covered_lines": 5, "num_statements": 5, "percent_covered": 100.0, "percent_covered_display": "100", "missing_lines": 0, "excluded_lines": 0}, "missing_lines": [], "excluded_lines": []}, "GraphRepresentation.add_node_attr": {"executed_lines": [52, 53], "summary": {"covered_lines": 2, "num_statements": 2, "percent_covered": 100.0, "percent_covered_display": "100", "missing_lines": 0, "excluded_lines": 0}, "missing_lines": [], "excluded_lines": []}, "GraphRepresentation._invalidate_caches": {"executed_lines": [57, 58, 59, 60], "summary": {"covered_lines": 4, "num_statements": 4, "percent_covered": 100.0, "percent_covered_display": "100", "missing_lines": 0, "excluded_lines": 0}, "missing_lines": [], "excluded_lines": []}, "GraphRepresentation.to_networkx": {"executed_lines": [], "summary": {"covered_lines": 0, "num_statements": 17, "percent_covered": 0.0, "percent_covered_display": "0", "missing_lines": 17, "excluded_lines": 0}, "missing_lines": [64, 65, 67, 68, 69, 70, 72, 73, 76, 77, 78, 81, 82, 83, 85, 86, 87], "excluded_lines": []}, "GraphRepresentation.to_igraph": {"executed_lines": [], "summary": {"covered_lines": 0, "num_statements": 23, "percent_covered": 0.0, "percent_covered_display": "0", "missing_lines": 23, "excluded_lines": 0}, "missing_lines": [91, 92, 94, 95, 96, 97, 99, 102, 103, 106, 107, 108, 109, 110, 111, 114, 115, 116, 117, 118, 120, 121, 122], "excluded_lines": []}, "GraphRepresentation.to_adjacency_matrix": {"executed_lines": [136, 139, 141, 142, 145, 147, 148, 150], "summary": {"covered_lines": 8, "num_statements": 10, "percent_covered": 80.0, "percent_covered_display": "80", "missing_lines": 2, "excluded_lines": 0}, "missing_lines": [137, 143], "excluded_lines": []}, "GraphRepresentation.to_sparse_matrix": {"executed_lines": [], "summary": {"covered_lines": 0, "num_statements": 6, "percent_covered": 0.0, "percent_covered_display": "0", "missing_lines": 6, "excluded_lines": 0}, "missing_lines": [154, 155, 156, 157, 159, 160], "excluded_lines": []}, "GraphRepresentation.from_networkx": {"executed_lines": [], "summary": {"covered_lines": 0, "num_statements": 8, "percent_covered": 0.0, "percent_covered_display": "0", "missing_lines": 8, "excluded_lines": 0}, "missing_lines": [165, 166, 169, 170, 173, 174, 175, 177], "excluded_lines": []}, "GraphRepresentation.from_igraph": {"executed_lines": [], "summary": {"covered_lines": 0, "num_statements": 11, "percent_covered": 0.0, "percent_covered_display": "0", "missing_lines": 11, "excluded_lines": 0}, "missing_lines": [182, 183, 186, 187, 188, 189, 192, 193, 194, 195, 197], "excluded_lines": []}, "GraphRepresentation.from_adjacency_matrix": {"executed_lines": [202, 203, 205, 206, 207, 208, 212], "summary": {"covered_lines": 7, "num_statements": 8, "percent_covered": 87.5, "percent_covered_display": "88", "missing_lines": 1, "excluded_lines": 0}, "missing_lines": [210], "excluded_lines": []}, "BaseGraph.__init__": {"executed_lines": [224], "summary": {"covered_lines": 1, "num_statements": 1, "percent_covered": 100.0, "percent_covered_display": "100", "missing_lines": 0, "excluded_lines": 0}, "missing_lines": [], "excluded_lines": []}, "BaseGraph.n_nodes": {"executed_lines": [229], "summary": {"covered_lines": 1, "num_statements": 1, "percent_covered": 100.0, "percent_covered_display": "100", "missing_lines": 0, "excluded_lines": 0}, "missing_lines": [], "excluded_lines": []}, "BaseGraph.n_edges": {"executed_lines": [234], "summary": {"covered_lines": 1, "num_statements": 1, "percent_covered": 100.0, "percent_covered_display": "100", "missing_lines": 0, "excluded_lines": 0}, "missing_lines": [], "excluded_lines": []}, "BaseGraph.add_edge": {"executed_lines": [238], "summary": {"covered_lines": 1, "num_statements": 1, "percent_covered": 100.0, "percent_covered_display": "100", "missing_lines": 0, "excluded_lines": 0}, "missing_lines": [], "excluded_lines": []}, "BaseGraph.add_node_attr": {"executed_lines": [242], "summary": {"covered_lines": 1, "num_statements": 1, "percent_covered": 100.0, "percent_covered_display": "100", "missing_lines": 0, "excluded_lines": 0}, "missing_lines": [], "excluded_lines": []}, "BaseGraph.to_networkx": {"executed_lines": [], "summary": {"covered_lines": 0, "num_statements": 1, "percent_covered": 0.0, "percent_covered_display": "0", "missing_lines": 1, "excluded_lines": 0}, "missing_lines": [247], "excluded_lines": []}, "BaseGraph.to_igraph": {"executed_lines": [], "summary": {"covered_lines": 0, "num_statements": 1, "percent_covered": 0.0, "percent_covered_display": "0", "missing_lines": 1, "excluded_lines": 0}, "missing_lines": [251], "excluded_lines": []}, "BaseGraph.to_adjacency_matrix": {"executed_lines": [256], "summary": {"covered_lines": 1, "num_statements": 1, "percent_covered": 100.0, "percent_covered_display": "100", "missing_lines": 0, "excluded_lines": 0}, "missing_lines": [], "excluded_lines": []}, "BaseGraph.to_sparse_matrix": {"executed_lines": [], "summary": {"covered_lines": 0, "num_statements": 1, "percent_covered": 0.0, "percent_covered_display": "0", "missing_lines": 1, "excluded_lines": 0}, "missing_lines": [260], "excluded_lines": []}, "BaseGraph.from_networkx": {"executed_lines": [], "summary": {"covered_lines": 0, "num_statements": 3, "percent_covered": 0.0, "percent_covered_display": "0", "missing_lines": 3, "excluded_lines": 0}, "missing_lines": [265, 266, 267], "excluded_lines": []}, "BaseGraph.from_igraph": {"executed_lines": [], "summary": {"covered_lines": 0, "num_statements": 3, "percent_covered": 0.0, "percent_covered_display": "0", "missing_lines": 3, "excluded_lines": 0}, "missing_lines": [272, 273, 274], "excluded_lines": []}, "BaseGraph.from_adjacency_matrix": {"executed_lines": [279, 280, 281], "summary": {"covered_lines": 3, "num_statements": 3, "percent_covered": 100.0, "percent_covered_display": "100", "missing_lines": 0, "excluded_lines": 0}, "missing_lines": [], "excluded_lines": []}, "BaseGraph.validate": {"executed_lines": [], "summary": {"covered_lines": 0, "num_statements": 1, "percent_covered": 0.0, "percent_covered_display": "0", "missing_lines": 1, "excluded_lines": 0}, "missing_lines": [286], "excluded_lines": []}, "BaseGraph.__repr__": {"executed_lines": [], "summary": {"covered_lines": 0, "num_statements": 1, "percent_covered": 0.0, "percent_covered_display": "0", "missing_lines": 1, "excluded_lines": 0}, "missing_lines": [289], "excluded_lines": []}, "": {"executed_lines": [1, 18, 19, 20, 22, 23, 30, 42, 50, 55, 62, 89, 124, 152, 162, 163, 179, 180, 199, 200, 215, 216, 223, 226, 227, 231, 232, 236, 240, 245, 249, 253, 258, 262, 263, 269, 270, 276, 277, 283, 284, 288], "summary": {"covered_lines": 39, "num_statements": 39, "percent_covered": 100.0, "percent_covered_display": "100", "missing_lines": 0, "excluded_lines": 0}, "missing_lines": [], "excluded_lines": []}}, "classes": {"GraphRepresentation": {"executed_lines": [31, 32, 33, 34, 37, 38, 39, 40, 44, 45, 46, 47, 48, 52, 53, 57, 58, 59, 60, 136, 139, 141, 142, 145, 147, 148, 150, 202, 203, 205, 206, 207, 208, 212], "summary": {"covered_lines": 34, "num_statements": 102, "percent_covered": 33.333333333333336, "percent_covered_display": "33", "missing_lines": 68, "excluded_lines": 0}, "missing_lines": [64, 65, 67, 68, 69, 70, 72, 73, 76, 77, 78, 81, 82, 83, 85, 86, 87, 91, 92, 94, 95, 96, 97, 99, 102, 103, 106, 107, 108, 109, 110, 111, 114, 115, 116, 117, 118, 120, 121, 122, 137, 143, 154, 155, 156, 157, 159, 160, 165, 166, 169, 170, 173, 174, 175, 177, 182, 183, 186, 187, 188, 189, 192, 193, 194, 195, 197, 210], "excluded_lines": []}, "BaseGraph": {"executed_lines": [224, 229, 234, 238, 242, 256, 279, 280, 281], "summary": {"covered_lines": 9, "num_statements": 20, "percent_covered": 45.0, "percent_covered_display": "45", "missing_lines": 11, "excluded_lines": 0}, "missing_lines": [247, 251, 260, 265, 266, 267, 272, 273, 274, 286, 289], "excluded_lines": []}, "": {"executed_lines": [1, 18, 19, 20, 22, 23, 30, 42, 50, 55, 62, 89, 124, 152, 162, 163, 179, 180, 199, 200, 215, 216, 223, 226, 227, 231, 232, 236, 240, 245, 249, 253, 258, 262, 263, 269, 270, 276, 277, 283, 284, 288], "summary": {"covered_lines": 39, "num_statements": 39, "percent_covered": 100.0, "percent_covered_display": "100", "missing_lines": 0, "excluded_lines": 0}, "missing_lines": [], "excluded_lines": []}}}, "core/binary_tree.py": {"executed_lines": [1, 7, 8, 10, 13, 14, 21, 32, 84, 88, 92, 99, 106, 117, 139, 143, 227, 268, 301, 302, 376, 397], "summary": {"covered_lines": 20, "num_statements": 184, "percent_covered": 10.869565217391305, "percent_covered_display": "11", "missing_lines": 164, "excluded_lines": 0}, "missing_lines": [22, 25, 26, 27, 30, 51, 52, 55, 56, 57, 58, 59, 61, 64, 65, 66, 67, 68, 69, 70, 71, 73, 76, 79, 82, 86, 90, 94, 95, 96, 97, 101, 102, 103, 104, 108, 109, 111, 112, 113, 115, 124, 125, 127, 129, 130, 131, 132, 133, 134, 136, 137, 141, 155, 157, 159, 162, 163, 166, 167, 168, 169, 171, 172, 174, 177, 178, 179, 181, 184, 185, 188, 189, 190, 193, 197, 199, 200, 201, 202, 204, 205, 207, 208, 209, 212, 215, 217, 218, 219, 220, 222, 223, 225, 242, 243, 246, 247, 248, 250, 251, 253, 254, 256, 257, 259, 261, 263, 264, 266, 277, 278, 281, 282, 283, 286, 287, 288, 290, 291, 292, 293, 294, 296, 297, 299, 328, 331, 332, 334, 335, 336, 338, 341, 343, 344, 345, 346, 347, 350, 351, 354, 355, 356, 357, 360, 362, 363, 365, 368, 369, 370, 372, 374, 387, 389, 390, 391, 392, 393, 395, 398, 399, 400], "excluded_lines": [], "functions": {"BinaryTree.__init__": {"executed_lines": [], "summary": {"covered_lines": 0, "num_statements": 5, "percent_covered": 0.0, "percent_covered_display": "0", "missing_lines": 5, "excluded_lines": 0}, "missing_lines": [22, 25, 26, 27, 30], "excluded_lines": []}, "BinaryTree.add_edge": {"executed_lines": [], "summary": {"covered_lines": 0, "num_statements": 20, "percent_covered": 0.0, "percent_covered_display": "0", "missing_lines": 20, "excluded_lines": 0}, "missing_lines": [51, 52, 55, 56, 57, 58, 59, 61, 64, 65, 66, 67, 68, 69, 70, 71, 73, 76, 79, 82], "excluded_lines": []}, "BinaryTree.get_left_child": {"executed_lines": [], "summary": {"covered_lines": 0, "num_statements": 1, "percent_covered": 0.0, "percent_covered_display": "0", "missing_lines": 1, "excluded_lines": 0}, "missing_lines": [86], "excluded_lines": []}, "BinaryTree.get_right_child": {"executed_lines": [], "summary": {"covered_lines": 0, "num_statements": 1, "percent_covered": 0.0, "percent_covered_display": "0", "missing_lines": 1, "excluded_lines": 0}, "missing_lines": [90], "excluded_lines": []}, "BinaryTree.is_left_child": {"executed_lines": [], "summary": {"covered_lines": 0, "num_statements": 4, "percent_covered": 0.0, "percent_covered_display": "0", "missing_lines": 4, "excluded_lines": 0}, "missing_lines": [94, 95, 96, 97], "excluded_lines": []}, "BinaryTree.is_right_child": {"executed_lines": [], "summary": {"covered_lines": 0, "num_statements": 4, "percent_covered": 0.0, "percent_covered_display": "0", "missing_lines": 4, "excluded_lines": 0}, "missing_lines": [101, 102, 103, 104], "excluded_lines": []}, "BinaryTree.get_sibling": {"executed_lines": [], "summary": {"covered_lines": 0, "num_statements": 6, "percent_covered": 0.0, "percent_covered_display": "0", "missing_lines": 6, "excluded_lines": 0}, "missing_lines": [108, 109, 111, 112, 113, 115], "excluded_lines": []}, "BinaryTree.depth_first_search_lr": {"executed_lines": [], "summary": {"covered_lines": 0, "num_statements": 6, "percent_covered": 0.0, "percent_covered_display": "0", "missing_lines": 6, "excluded_lines": 0}, "missing_lines": [124, 125, 127, 129, 136, 137], "excluded_lines": []}, "BinaryTree.depth_first_search_lr.dfs": {"executed_lines": [], "summary": {"covered_lines": 0, "num_statements": 5, "percent_covered": 0.0, "percent_covered_display": "0", "missing_lines": 5, "excluded_lines": 0}, "missing_lines": [130, 131, 132, 133, 134], "excluded_lines": []}, "BinaryTree.get_leaves_lr": {"executed_lines": [], "summary": {"covered_lines": 0, "num_statements": 1, "percent_covered": 0.0, "percent_covered_display": "0", "missing_lines": 1, "excluded_lines": 0}, "missing_lines": [141], "excluded_lines": []}, "BinaryTree.horton_prune": {"executed_lines": [], "summary": {"covered_lines": 0, "num_statements": 41, "percent_covered": 0.0, "percent_covered_display": "0", "missing_lines": 41, "excluded_lines": 0}, "missing_lines": [155, 157, 159, 162, 163, 166, 167, 168, 169, 171, 172, 174, 177, 178, 179, 181, 184, 185, 188, 189, 190, 193, 197, 199, 200, 201, 202, 204, 205, 207, 208, 209, 212, 215, 217, 218, 219, 220, 222, 223, 225], "excluded_lines": []}, "BinaryTree.horton_strahler_order": {"executed_lines": [], "summary": {"covered_lines": 0, "num_statements": 16, "percent_covered": 0.0, "percent_covered_display": "0", "missing_lines": 16, "excluded_lines": 0}, "missing_lines": [242, 243, 246, 247, 248, 250, 251, 253, 254, 256, 257, 259, 261, 263, 264, 266], "excluded_lines": []}, "BinaryTree.validate": {"executed_lines": [], "summary": {"covered_lines": 0, "num_statements": 16, "percent_covered": 0.0, "percent_covered_display": "0", "missing_lines": 16, "excluded_lines": 0}, "missing_lines": [277, 278, 281, 282, 283, 286, 287, 288, 290, 291, 292, 293, 294, 296, 297, 299], "excluded_lines": []}, "BinaryTree.from_parent_array": {"executed_lines": [], "summary": {"covered_lines": 0, "num_statements": 28, "percent_covered": 0.0, "percent_covered_display": "0", "missing_lines": 28, "excluded_lines": 0}, "missing_lines": [328, 331, 332, 334, 335, 336, 338, 341, 343, 344, 345, 346, 347, 350, 351, 354, 355, 356, 357, 360, 362, 363, 365, 368, 369, 370, 372, 374], "excluded_lines": []}, "BinaryTree.to_parent_array_with_sides": {"executed_lines": [], "summary": {"covered_lines": 0, "num_statements": 7, "percent_covered": 0.0, "percent_covered_display": "0", "missing_lines": 7, "excluded_lines": 0}, "missing_lines": [387, 389, 390, 391, 392, 393, 395], "excluded_lines": []}, "BinaryTree.__repr__": {"executed_lines": [], "summary": {"covered_lines": 0, "num_statements": 3, "percent_covered": 0.0, "percent_covered_display": "0", "missing_lines": 3, "excluded_lines": 0}, "missing_lines": [398, 399, 400], "excluded_lines": []}, "": {"executed_lines": [1, 7, 8, 10, 13, 14, 21, 32, 84, 88, 92, 99, 106, 117, 139, 143, 227, 268, 301, 302, 376, 397], "summary": {"covered_lines": 20, "num_statements": 20, "percent_covered": 100.0, "percent_covered_display": "100", "missing_lines": 0, "excluded_lines": 0}, "missing_lines": [], "excluded_lines": []}}, "classes": {"BinaryTree": {"executed_lines": [], "summary": {"covered_lines": 0, "num_statements": 164, "percent_covered": 0.0, "percent_covered_display": "0", "missing_lines": 164, "excluded_lines": 0}, "missing_lines": [22, 25, 26, 27, 30, 51, 52, 55, 56, 57, 58, 59, 61, 64, 65, 66, 67, 68, 69, 70, 71, 73, 76, 79, 82, 86, 90, 94, 95, 96, 97, 101, 102, 103, 104, 108, 109, 111, 112, 113, 115, 124, 125, 127, 129, 130, 131, 132, 133, 134, 136, 137, 141, 155, 157, 159, 162, 163, 166, 167, 168, 169, 171, 172, 174, 177, 178, 179, 181, 184, 185, 188, 189, 190, 193, 197, 199, 200, 201, 202, 204, 205, 207, 208, 209, 212, 215, 217, 218, 219, 220, 222, 223, 225, 242, 243, 246, 247, 248, 250, 251, 253, 254, 256, 257, 259, 261, 263, 264, 266, 277, 278, 281, 282, 283, 286, 287, 288, 290, 291, 292, 293, 294, 296, 297, 299, 328, 331, 332, 334, 335, 336, 338, 341, 343, 344, 345, 346, 347, 350, 351, 354, 355, 356, 357, 360, 362, 363, 365, 368, 369, 370, 372, 374, 387, 389, 390, 391, 392, 393, 395, 398, 399, 400], "excluded_lines": []}, "": {"executed_lines": [1, 7, 8, 10, 13, 14, 21, 32, 84, 88, 92, 99, 106, 117, 139, 143, 227, 268, 301, 302, 376, 397], "summary": {"covered_lines": 20, "num_statements": 20, "percent_covered": 100.0, "percent_covered_display": "100", "missing_lines": 0, "excluded_lines": 0}, "missing_lines": [], "excluded_lines": []}}}, "core/dag.py": {"executed_lines": [1, 2, 3, 4, 7, 8, 15, 20, 28, 32, 36, 40, 69], "summary": {"covered_lines": 12, "num_statements": 54, "percent_covered": 22.22222222222222, "percent_covered_display": "22", "missing_lines": 42, "excluded_lines": 0}, "missing_lines": [16, 17, 18, 22, 23, 24, 25, 26, 30, 34, 38, 42, 43, 45, 46, 48, 49, 50, 52, 53, 54, 55, 56, 57, 59, 60, 62, 63, 64, 65, 67, 71, 72, 73, 75, 76, 77, 79, 80, 81, 82, 84], "excluded_lines": [], "functions": {"DAG.__init__": {"executed_lines": [], "summary": {"covered_lines": 0, "num_statements": 3, "percent_covered": 0.0, "percent_covered_display": "0", "missing_lines": 3, "excluded_lines": 0}, "missing_lines": [16, 17, 18], "excluded_lines": []}, "DAG.add_edge": {"executed_lines": [], "summary": {"covered_lines": 0, "num_statements": 5, "percent_covered": 0.0, "percent_covered_display": "0", "missing_lines": 5, "excluded_lines": 0}, "missing_lines": [22, 23, 24, 25, 26], "excluded_lines": []}, "DAG.get_successors": {"executed_lines": [], "summary": {"covered_lines": 0, "num_statements": 1, "percent_covered": 0.0, "percent_covered_display": "0", "missing_lines": 1, "excluded_lines": 0}, "missing_lines": [30], "excluded_lines": []}, "DAG.get_predecessors": {"executed_lines": [], "summary": {"covered_lines": 0, "num_statements": 1, "percent_covered": 0.0, "percent_covered_display": "0", "missing_lines": 1, "excluded_lines": 0}, "missing_lines": [34], "excluded_lines": []}, "DAG.get_neighbors": {"executed_lines": [], "summary": {"covered_lines": 0, "num_statements": 1, "percent_covered": 0.0, "percent_covered_display": "0", "missing_lines": 1, "excluded_lines": 0}, "missing_lines": [38], "excluded_lines": []}, "DAG.validate": {"executed_lines": [], "summary": {"covered_lines": 0, "num_statements": 10, "percent_covered": 0.0, "percent_covered_display": "0", "missing_lines": 10, "excluded_lines": 0}, "missing_lines": [42, 43, 45, 46, 48, 62, 63, 64, 65, 67], "excluded_lines": []}, "DAG.validate.has_cycle": {"executed_lines": [], "summary": {"covered_lines": 0, "num_statements": 10, "percent_covered": 0.0, "percent_covered_display": "0", "missing_lines": 10, "excluded_lines": 0}, "missing_lines": [49, 50, 52, 53, 54, 55, 56, 57, 59, 60], "excluded_lines": []}, "DAG.topological_sort": {"executed_lines": [], "summary": {"covered_lines": 0, "num_statements": 11, "percent_covered": 0.0, "percent_covered_display": "0", "missing_lines": 11, "excluded_lines": 0}, "missing_lines": [71, 72, 73, 75, 76, 77, 79, 80, 81, 82, 84], "excluded_lines": []}, "": {"executed_lines": [1, 2, 3, 4, 7, 8, 15, 20, 28, 32, 36, 40, 69], "summary": {"covered_lines": 12, "num_statements": 12, "percent_covered": 100.0, "percent_covered_display": "100", "missing_lines": 0, "excluded_lines": 0}, "missing_lines": [], "excluded_lines": []}}, "classes": {"DAG": {"executed_lines": [], "summary": {"covered_lines": 0, "num_statements": 42, "percent_covered": 0.0, "percent_covered_display": "0", "missing_lines": 42, "excluded_lines": 0}, "missing_lines": [16, 17, 18, 22, 23, 24, 25, 26, 30, 34, 38, 42, 43, 45, 46, 48, 49, 50, 52, 53, 54, 55, 56, 57, 59, 60, 62, 63, 64, 65, 67, 71, 72, 73, 75, 76, 77, 79, 80, 81, 82, 84], "excluded_lines": []}, "": {"executed_lines": [1, 2, 3, 4, 7, 8, 15, 20, 28, 32, 36, 40, 69], "summary": {"covered_lines": 12, "num_statements": 12, "percent_covered": 100.0, "percent_covered_display": "100", "missing_lines": 0, "excluded_lines": 0}, "missing_lines": [], "excluded_lines": []}}}, "core/erdos_renyi.py": {"executed_lines": [1, 2, 5, 6, 10, 13, 14], "summary": {"covered_lines": 6, "num_statements": 14, "percent_covered": 42.857142857142854, "percent_covered_display": "43", "missing_lines": 8, "excluded_lines": 0}, "missing_lines": [11, 27, 29, 30, 31, 32, 33, 35], "excluded_lines": [], "functions": {"ErdosRenyi.__init__": {"executed_lines": [], "summary": {"covered_lines": 0, "num_statements": 1, "percent_covered": 0.0, "percent_covered_display": "0", "missing_lines": 1, "excluded_lines": 0}, "missing_lines": [11], "excluded_lines": []}, "ErdosRenyi.generate": {"executed_lines": [], "summary": {"covered_lines": 0, "num_statements": 7, "percent_covered": 0.0, "percent_covered_display": "0", "missing_lines": 7, "excluded_lines": 0}, "missing_lines": [27, 29, 30, 31, 32, 33, 35], "excluded_lines": []}, "": {"executed_lines": [1, 2, 5, 6, 10, 13, 14], "summary": {"covered_lines": 6, "num_statements": 6, "percent_covered": 100.0, "percent_covered_display": "100", "missing_lines": 0, "excluded_lines": 0}, "missing_lines": [], "excluded_lines": []}}, "classes": {"ErdosRenyi": {"executed_lines": [], "summary": {"covered_lines": 0, "num_statements": 8, "percent_covered": 0.0, "percent_covered_display": "0", "missing_lines": 8, "excluded_lines": 0}, "missing_lines": [11, 27, 29, 30, 31, 32, 33, 35], "excluded_lines": []}, "": {"executed_lines": [1, 2, 5, 6, 10, 13, 14], "summary": {"covered_lines": 6, "num_statements": 6, "percent_covered": 100.0, "percent_covered_display": "100", "missing_lines": 0, "excluded_lines": 0}, "missing_lines": [], "excluded_lines": []}}}, "core/forest.py": {"executed_lines": [1, 2, 5, 6, 12, 36, 40], "summary": {"covered_lines": 6, "num_statements": 24, "percent_covered": 25.0, "percent_covered_display": "25", "missing_lines": 18, "excluded_lines": 0}, "missing_lines": [13, 14, 17, 18, 20, 21, 24, 25, 26, 27, 29, 30, 31, 32, 33, 34, 38, 42], "excluded_lines": [], "functions": {"Forest.__init__": {"executed_lines": [], "summary": {"covered_lines": 0, "num_statements": 16, "percent_covered": 0.0, "percent_covered_display": "0", "missing_lines": 16, "excluded_lines": 0}, "missing_lines": [13, 14, 17, 18, 20, 21, 24, 25, 26, 27, 29, 30, 31, 32, 33, 34], "excluded_lines": []}, "Forest.get_connected_components": {"executed_lines": [], "summary": {"covered_lines": 0, "num_statements": 1, "percent_covered": 0.0, "percent_covered_display": "0", "missing_lines": 1, "excluded_lines": 0}, "missing_lines": [38], "excluded_lines": []}, "Forest.validate": {"executed_lines": [], "summary": {"covered_lines": 0, "num_statements": 1, "percent_covered": 0.0, "percent_covered_display": "0", "missing_lines": 1, "excluded_lines": 0}, "missing_lines": [42], "excluded_lines": []}, "": {"executed_lines": [1, 2, 5, 6, 12, 36, 40], "summary": {"covered_lines": 6, "num_statements": 6, "percent_covered": 100.0, "percent_covered_display": "100", "missing_lines": 0, "excluded_lines": 0}, "missing_lines": [], "excluded_lines": []}}, "classes": {"Forest": {"executed_lines": [], "summary": {"covered_lines": 0, "num_statements": 18, "percent_covered": 0.0, "percent_covered_display": "0", "missing_lines": 18, "excluded_lines": 0}, "missing_lines": [13, 14, 17, 18, 20, 21, 24, 25, 26, 27, 29, 30, 31, 32, 33, 34, 38, 42], "excluded_lines": []}, "": {"executed_lines": [1, 2, 5, 6, 12, 36, 40], "summary": {"covered_lines": 6, "num_statements": 6, "percent_covered": 100.0, "percent_covered_display": "100", "missing_lines": 0, "excluded_lines": 0}, "missing_lines": [], "excluded_lines": []}}}, "core/galton_watson.py": {"executed_lines": [1, 2, 5, 6, 10, 14, 15], "summary": {"covered_lines": 6, "num_statements": 27, "percent_covered": 22.22222222222222, "percent_covered_display": "22", "missing_lines": 21, "excluded_lines": 0}, "missing_lines": [11, 12, 26, 27, 28, 30, 31, 32, 34, 38, 39, 40, 41, 43, 44, 45, 48, 49, 50, 51, 53], "excluded_lines": [], "functions": {"GaltonWatsonTree.__init__": {"executed_lines": [], "summary": {"covered_lines": 0, "num_statements": 2, "percent_covered": 0.0, "percent_covered_display": "0", "missing_lines": 2, "excluded_lines": 0}, "missing_lines": [11, 12], "excluded_lines": []}, "GaltonWatsonTree.generate": {"executed_lines": [], "summary": {"covered_lines": 0, "num_statements": 19, "percent_covered": 0.0, "percent_covered_display": "0", "missing_lines": 19, "excluded_lines": 0}, "missing_lines": [26, 27, 28, 30, 31, 32, 34, 38, 39, 40, 41, 43, 44, 45, 48, 49, 50, 51, 53], "excluded_lines": []}, "": {"executed_lines": [1, 2, 5, 6, 10, 14, 15], "summary": {"covered_lines": 6, "num_statements": 6, "percent_covered": 100.0, "percent_covered_display": "100", "missing_lines": 0, "excluded_lines": 0}, "missing_lines": [], "excluded_lines": []}}, "classes": {"GaltonWatsonTree": {"executed_lines": [], "summary": {"covered_lines": 0, "num_statements": 21, "percent_covered": 0.0, "percent_covered_display": "0", "missing_lines": 21, "excluded_lines": 0}, "missing_lines": [11, 12, 26, 27, 28, 30, 31, 32, 34, 38, 39, 40, 41, 43, 44, 45, 48, 49, 50, 51, 53], "excluded_lines": []}, "": {"executed_lines": [1, 2, 5, 6, 10, 14, 15], "summary": {"covered_lines": 6, "num_statements": 6, "percent_covered": 100.0, "percent_covered_display": "100", "missing_lines": 0, "excluded_lines": 0}, "missing_lines": [], "excluded_lines": []}}}, "core/graph.py": {"executed_lines": [1, 4, 5, 11, 16, 24], "summary": {"covered_lines": 5, "num_statements": 14, "percent_covered": 35.714285714285715, "percent_covered_display": "36", "missing_lines": 9, "excluded_lines": 0}, "missing_lines": [12, 13, 14, 18, 19, 20, 21, 22, 26], "excluded_lines": [], "functions": {"Graph.__init__": {"executed_lines": [], "summary": {"covered_lines": 0, "num_statements": 3, "percent_covered": 0.0, "percent_covered_display": "0", "missing_lines": 3, "excluded_lines": 0}, "missing_lines": [12, 13, 14], "excluded_lines": []}, "Graph.add_edge": {"executed_lines": [], "summary": {"covered_lines": 0, "num_statements": 5, "percent_covered": 0.0, "percent_covered_display": "0", "missing_lines": 5, "excluded_lines": 0}, "missing_lines": [18, 19, 20, 21, 22], "excluded_lines": []}, "Graph.validate": {"executed_lines": [], "summary": {"covered_lines": 0, "num_statements": 1, "percent_covered": 0.0, "percent_covered_display": "0", "missing_lines": 1, "excluded_lines": 0}, "missing_lines": [26], "excluded_lines": []}, "": {"executed_lines": [1, 4, 5, 11, 16, 24], "summary": {"covered_lines": 5, "num_statements": 5, "percent_covered": 100.0, "percent_covered_display": "100", "missing_lines": 0, "excluded_lines": 0}, "missing_lines": [], "excluded_lines": []}}, "classes": {"Graph": {"executed_lines": [], "summary": {"covered_lines": 0, "num_statements": 9, "percent_covered": 0.0, "percent_covered_display": "0", "missing_lines": 9, "excluded_lines": 0}, "missing_lines": [12, 13, 14, 18, 19, 20, 21, 22, 26], "excluded_lines": []}, "": {"executed_lines": [1, 4, 5, 11, 16, 24], "summary": {"covered_lines": 5, "num_statements": 5, "percent_covered": 100.0, "percent_covered_display": "100", "missing_lines": 0, "excluded_lines": 0}, "missing_lines": [], "excluded_lines": []}}}, "core/multigraph.py": {"executed_lines": [1, 4, 5, 9, 14], "summary": {"covered_lines": 4, "num_statements": 12, "percent_covered": 33.333333333333336, "percent_covered_display": "33", "missing_lines": 8, "excluded_lines": 0}, "missing_lines": [10, 11, 12, 16, 17, 19, 20, 23], "excluded_lines": [], "functions": {"Multigraph.__init__": {"executed_lines": [], "summary": {"covered_lines": 0, "num_statements": 3, "percent_covered": 0.0, "percent_covered_display": "0", "missing_lines": 3, "excluded_lines": 0}, "missing_lines": [10, 11, 12], "excluded_lines": []}, "Multigraph.add_edge": {"executed_lines": [], "summary": {"covered_lines": 0, "num_statements": 5, "percent_covered": 0.0, "percent_covered_display": "0", "missing_lines": 5, "excluded_lines": 0}, "missing_lines": [16, 17, 19, 20, 23], "excluded_lines": []}, "": {"executed_lines": [1, 4, 5, 9, 14], "summary": {"covered_lines": 4, "num_statements": 4, "percent_covered": 100.0, "percent_covered_display": "100", "missing_lines": 0, "excluded_lines": 0}, "missing_lines": [], "excluded_lines": []}}, "classes": {"Multigraph": {"executed_lines": [], "summary": {"covered_lines": 0, "num_statements": 8, "percent_covered": 0.0, "percent_covered_display": "0", "missing_lines": 8, "excluded_lines": 0}, "missing_lines": [10, 11, 12, 16, 17, 19, 20, 23], "excluded_lines": []}, "": {"executed_lines": [1, 4, 5, 9, 14], "summary": {"covered_lines": 4, "num_statements": 4, "percent_covered": 100.0, "percent_covered_display": "100", "missing_lines": 0, "excluded_lines": 0}, "missing_lines": [], "excluded_lines": []}}}, "core/polytree.py": {"executed_lines": [1, 2, 5, 6, 12, 18, 25], "summary": {"covered_lines": 6, "num_statements": 30, "percent_covered": 20.0, "percent_covered_display": "20", "missing_lines": 24, "excluded_lines": 0}, "missing_lines": [14, 15, 16, 20, 21, 22, 23, 33, 34, 38, 40, 41, 43, 44, 45, 46, 47, 48, 49, 50, 51, 54, 55, 56], "excluded_lines": [], "functions": {"Polytree.__init__": {"executed_lines": [], "summary": {"covered_lines": 0, "num_statements": 3, "percent_covered": 0.0, "percent_covered_display": "0", "missing_lines": 3, "excluded_lines": 0}, "missing_lines": [14, 15, 16], "excluded_lines": []}, "Polytree.add_edge": {"executed_lines": [], "summary": {"covered_lines": 0, "num_statements": 4, "percent_covered": 0.0, "percent_covered_display": "0", "missing_lines": 4, "excluded_lines": 0}, "missing_lines": [20, 21, 22, 23], "excluded_lines": []}, "Polytree.validate": {"executed_lines": [], "summary": {"covered_lines": 0, "num_statements": 7, "percent_covered": 0.0, "percent_covered_display": "0", "missing_lines": 7, "excluded_lines": 0}, "missing_lines": [33, 34, 38, 40, 54, 55, 56], "excluded_lines": []}, "Polytree.validate.has_undirected_cycle": {"executed_lines": [], "summary": {"covered_lines": 0, "num_statements": 10, "percent_covered": 0.0, "percent_covered_display": "0", "missing_lines": 10, "excluded_lines": 0}, "missing_lines": [41, 43, 44, 45, 46, 47, 48, 49, 50, 51], "excluded_lines": []}, "": {"executed_lines": [1, 2, 5, 6, 12, 18, 25], "summary": {"covered_lines": 6, "num_statements": 6, "percent_covered": 100.0, "percent_covered_display": "100", "missing_lines": 0, "excluded_lines": 0}, "missing_lines": [], "excluded_lines": []}}, "classes": {"Polytree": {"executed_lines": [], "summary": {"covered_lines": 0, "num_statements": 24, "percent_covered": 0.0, "percent_covered_display": "0", "missing_lines": 24, "excluded_lines": 0}, "missing_lines": [14, 15, 16, 20, 21, 22, 23, 33, 34, 38, 40, 41, 43, 44, 45, 46, 47, 48, 49, 50, 51, 54, 55, 56], "excluded_lines": []}, "": {"executed_lines": [1, 2, 5, 6, 12, 18, 25], "summary": {"covered_lines": 6, "num_statements": 6, "percent_covered": 100.0, "percent_covered_display": "100", "missing_lines": 0, "excluded_lines": 0}, "missing_lines": [], "excluded_lines": []}}}, "core/real_tree.py": {"executed_lines": [1, 2, 5, 6, 12, 16], "summary": {"covered_lines": 5, "num_statements": 19, "percent_covered": 26.31578947368421, "percent_covered_display": "26", "missing_lines": 14, "excluded_lines": 0}, "missing_lines": [13, 14, 20, 21, 22, 25, 26, 27, 29, 30, 31, 33, 34, 36], "excluded_lines": [], "functions": {"RealTree.__init__": {"executed_lines": [], "summary": {"covered_lines": 0, "num_statements": 2, "percent_covered": 0.0, "percent_covered_display": "0", "missing_lines": 2, "excluded_lines": 0}, "missing_lines": [13, 14], "excluded_lines": []}, "RealTree.validate": {"executed_lines": [], "summary": {"covered_lines": 0, "num_statements": 12, "percent_covered": 0.0, "percent_covered_display": "0", "missing_lines": 12, "excluded_lines": 0}, "missing_lines": [20, 21, 22, 25, 26, 27, 29, 30, 31, 33, 34, 36], "excluded_lines": []}, "": {"executed_lines": [1, 2, 5, 6, 12, 16], "summary": {"covered_lines": 5, "num_statements": 5, "percent_covered": 100.0, "percent_covered_display": "100", "missing_lines": 0, "excluded_lines": 0}, "missing_lines": [], "excluded_lines": []}}, "classes": {"RealTree": {"executed_lines": [], "summary": {"covered_lines": 0, "num_statements": 14, "percent_covered": 0.0, "percent_covered_display": "0", "missing_lines": 14, "excluded_lines": 0}, "missing_lines": [13, 14, 20, 21, 22, 25, 26, 27, 29, 30, 31, 33, 34, 36], "excluded_lines": []}, "": {"executed_lines": [1, 2, 5, 6, 12, 16], "summary": {"covered_lines": 5, "num_statements": 5, "percent_covered": 100.0, "percent_covered_display": "100", "missing_lines": 0, "excluded_lines": 0}, "missing_lines": [], "excluded_lines": []}}}, "core/tree.py": {"executed_lines": [1, 8, 9, 10, 12, 15, 16, 27, 31, 34, 35, 36, 37, 40, 41, 42, 44, 60, 61, 62, 65, 68, 71, 73, 77, 79, 80, 81, 83, 111, 113, 141, 143, 173, 175, 205, 207, 231, 233, 257, 259, 285, 288, 289, 291, 292, 294, 295, 296, 298, 299, 301, 302, 304, 306, 330, 331, 333, 334, 336, 337, 338, 339, 341, 343, 377, 378, 379, 380, 381, 382, 384, 385, 386, 388, 420, 421, 423, 424, 425, 426, 428, 429, 430, 432, 456, 457, 458, 459, 460, 461, 463, 489, 490, 493, 494, 495, 496, 497, 498, 501, 502, 503, 504, 505, 506, 508, 509, 510, 511, 512, 514, 516, 547, 549, 550, 552, 553, 554, 556, 557, 559, 561, 598, 609, 610, 611, 614, 615, 619, 621, 622, 623, 624, 626, 628, 630, 633, 635, 636, 656, 659, 660, 662, 664, 666, 669, 670, 671, 672, 674, 675, 677, 679, 690, 692, 693, 694, 695, 696, 698, 700, 704, 708, 709, 749, 750, 790, 791, 792], "summary": {"covered_lines": 168, "num_statements": 237, "percent_covered": 70.88607594936708, "percent_covered_display": "71", "missing_lines": 69, "excluded_lines": 0}, "missing_lines": [75, 286, 575, 576, 577, 578, 579, 580, 582, 584, 586, 587, 588, 589, 590, 592, 593, 596, 616, 625, 627, 631, 663, 673, 702, 706, 715, 716, 718, 721, 722, 724, 726, 728, 731, 732, 733, 735, 736, 737, 738, 739, 740, 742, 743, 745, 747, 756, 758, 761, 762, 763, 764, 766, 768, 771, 772, 773, 775, 776, 778, 779, 780, 781, 782, 783, 785, 786, 788], "excluded_lines": [], "functions": {"Tree.__init__": {"executed_lines": [31, 34, 35, 36, 37, 40, 41, 42], "summary": {"covered_lines": 8, "num_statements": 8, "percent_covered": 100.0, "percent_covered_display": "100", "missing_lines": 0, "excluded_lines": 0}, "missing_lines": [], "excluded_lines": []}, "Tree.add_edge": {"executed_lines": [60, 61, 62, 65, 68, 71], "summary": {"covered_lines": 6, "num_statements": 6, "percent_covered": 100.0, "percent_covered_display": "100", "missing_lines": 0, "excluded_lines": 0}, "missing_lines": [], "excluded_lines": []}, "Tree.set_parent": {"executed_lines": [], "summary": {"covered_lines": 0, "num_statements": 1, "percent_covered": 0.0, "percent_covered_display": "0", "missing_lines": 1, "excluded_lines": 0}, "missing_lines": [75], "excluded_lines": []}, "Tree._invalidate_tree_caches": {"executed_lines": [79, 80, 81], "summary": {"covered_lines": 3, "num_statements": 3, "percent_covered": 100.0, "percent_covered_display": "100", "missing_lines": 0, "excluded_lines": 0}, "missing_lines": [], "excluded_lines": []}, "Tree.get_children": {"executed_lines": [111], "summary": {"covered_lines": 1, "num_statements": 1, "percent_covered": 100.0, "percent_covered_display": "100", "missing_lines": 0, "excluded_lines": 0}, "missing_lines": [], "excluded_lines": []}, "Tree.get_parent": {"executed_lines": [141], "summary": {"covered_lines": 1, "num_statements": 1, "percent_covered": 100.0, "percent_covered_display": "100", "missing_lines": 0, "excluded_lines": 0}, "missing_lines": [], "excluded_lines": []}, "Tree.is_leaf": {"executed_lines": [173], "summary": {"covered_lines": 1, "num_statements": 1, "percent_covered": 100.0, "percent_covered_display": "100", "missing_lines": 0, "excluded_lines": 0}, "missing_lines": [], "excluded_lines": []}, "Tree.is_root": {"executed_lines": [205], "summary": {"covered_lines": 1, "num_statements": 1, "percent_covered": 100.0, "percent_covered_display": "100", "missing_lines": 0, "excluded_lines": 0}, "missing_lines": [], "excluded_lines": []}, "Tree.get_leaves": {"executed_lines": [231], "summary": {"covered_lines": 1, "num_statements": 1, "percent_covered": 100.0, "percent_covered_display": "100", "missing_lines": 0, "excluded_lines": 0}, "missing_lines": [], "excluded_lines": []}, "Tree.get_internal_nodes": {"executed_lines": [257], "summary": {"covered_lines": 1, "num_statements": 1, "percent_covered": 100.0, "percent_covered_display": "100", "missing_lines": 0, "excluded_lines": 0}, "missing_lines": [], "excluded_lines": []}, "Tree.depth_first_search": {"executed_lines": [285, 288, 289, 291, 292, 294, 295, 296, 298, 299, 301, 302, 304], "summary": {"covered_lines": 13, "num_statements": 14, "percent_covered": 92.85714285714286, "percent_covered_display": "93", "missing_lines": 1, "excluded_lines": 0}, "missing_lines": [286], "excluded_lines": []}, "Tree.breadth_first_search": {"executed_lines": [330, 331, 333, 334, 336, 337, 338, 339, 341], "summary": {"covered_lines": 9, "num_statements": 9, "percent_covered": 100.0, "percent_covered_display": "100", "missing_lines": 0, "excluded_lines": 0}, "missing_lines": [], "excluded_lines": []}, "Tree.get_depth": {"executed_lines": [377, 378, 379, 380, 381, 382, 384, 385, 386], "summary": {"covered_lines": 9, "num_statements": 9, "percent_covered": 100.0, "percent_covered_display": "100", "missing_lines": 0, "excluded_lines": 0}, "missing_lines": [], "excluded_lines": []}, "Tree.get_subtree_size": {"executed_lines": [420, 421, 423, 424, 425, 426, 428, 429, 430], "summary": {"covered_lines": 9, "num_statements": 9, "percent_covered": 100.0, "percent_covered_display": "100", "missing_lines": 0, "excluded_lines": 0}, "missing_lines": [], "excluded_lines": []}, "Tree.get_path_to_root": {"executed_lines": [456, 457, 458, 459, 460, 461], "summary": {"covered_lines": 6, "num_statements": 6, "percent_covered": 100.0, "percent_covered_display": "100", "missing_lines": 0, "excluded_lines": 0}, "missing_lines": [], "excluded_lines": []}, "Tree.get_path_between": {"executed_lines": [489, 490, 493, 494, 495, 496, 497, 498, 501, 502, 503, 504, 505, 506, 508, 509, 510, 511, 512, 514], "summary": {"covered_lines": 20, "num_statements": 20, "percent_covered": 100.0, "percent_covered_display": "100", "missing_lines": 0, "excluded_lines": 0}, "missing_lines": [], "excluded_lines": []}, "Tree.get_distance": {"executed_lines": [547, 549, 550, 552, 553, 554, 556, 557, 559], "summary": {"covered_lines": 9, "num_statements": 9, "percent_covered": 100.0, "percent_covered_display": "100", "missing_lines": 0, "excluded_lines": 0}, "missing_lines": [], "excluded_lines": []}, "Tree.traverse_edges": {"executed_lines": [], "summary": {"covered_lines": 0, "num_statements": 16, "percent_covered": 0.0, "percent_covered_display": "0", "missing_lines": 16, "excluded_lines": 0}, "missing_lines": [575, 576, 577, 578, 579, 580, 582, 584, 586, 587, 588, 589, 590, 592, 593, 596], "excluded_lines": []}, "Tree.validate": {"executed_lines": [609, 610, 611, 614, 615, 619, 621, 630, 633], "summary": {"covered_lines": 9, "num_statements": 11, "percent_covered": 81.81818181818181, "percent_covered_display": "82", "missing_lines": 2, "excluded_lines": 0}, "missing_lines": [616, 631], "excluded_lines": []}, "Tree.validate.has_cycle": {"executed_lines": [622, 623, 624, 626, 628], "summary": {"covered_lines": 5, "num_statements": 7, "percent_covered": 71.42857142857143, "percent_covered_display": "71", "missing_lines": 2, "excluded_lines": 0}, "missing_lines": [625, 627], "excluded_lines": []}, "Tree.from_parent_array": {"executed_lines": [656, 659, 660, 662, 664, 666, 669, 670, 671, 672, 674, 675, 677], "summary": {"covered_lines": 13, "num_statements": 15, "percent_covered": 86.66666666666667, "percent_covered_display": "87", "missing_lines": 2, "excluded_lines": 0}, "missing_lines": [663, 673], "excluded_lines": []}, "Tree.to_parent_array": {"executed_lines": [690, 692, 693, 694, 695, 696, 698], "summary": {"covered_lines": 7, "num_statements": 7, "percent_covered": 100.0, "percent_covered_display": "100", "missing_lines": 0, "excluded_lines": 0}, "missing_lines": [], "excluded_lines": []}, "Tree.get_edge_length": {"executed_lines": [], "summary": {"covered_lines": 0, "num_statements": 1, "percent_covered": 0.0, "percent_covered_display": "0", "missing_lines": 1, "excluded_lines": 0}, "missing_lines": [702], "excluded_lines": []}, "Tree.total_length": {"executed_lines": [], "summary": {"covered_lines": 0, "num_statements": 1, "percent_covered": 0.0, "percent_covered_display": "0", "missing_lines": 1, "excluded_lines": 0}, "missing_lines": [706], "excluded_lines": []}, "Tree.from_networkx": {"executed_lines": [], "summary": {"covered_lines": 0, "num_statements": 21, "percent_covered": 0.0, "percent_covered_display": "0", "missing_lines": 21, "excluded_lines": 0}, "missing_lines": [715, 716, 718, 721, 722, 724, 726, 728, 731, 732, 733, 735, 736, 737, 738, 739, 740, 742, 743, 745, 747], "excluded_lines": []}, "Tree.from_igraph": {"executed_lines": [], "summary": {"covered_lines": 0, "num_statements": 22, "percent_covered": 0.0, "percent_covered_display": "0", "missing_lines": 22, "excluded_lines": 0}, "missing_lines": [756, 758, 761, 762, 763, 764, 766, 768, 771, 772, 773, 775, 776, 778, 779, 780, 781, 782, 783, 785, 786, 788], "excluded_lines": []}, "Tree.__repr__": {"executed_lines": [791, 792], "summary": {"covered_lines": 2, "num_statements": 2, "percent_covered": 100.0, "percent_covered_display": "100", "missing_lines": 0, "excluded_lines": 0}, "missing_lines": [], "excluded_lines": []}, "": {"executed_lines": [1, 8, 9, 10, 12, 15, 16, 27, 44, 73, 77, 83, 113, 143, 175, 207, 233, 259, 306, 343, 388, 432, 463, 516, 561, 598, 635, 636, 679, 700, 704, 708, 709, 749, 750, 790], "summary": {"covered_lines": 34, "num_statements": 34, "percent_covered": 100.0, "percent_covered_display": "100", "missing_lines": 0, "excluded_lines": 0}, "missing_lines": [], "excluded_lines": []}}, "classes": {"Tree": {"executed_lines": [31, 34, 35, 36, 37, 40, 41, 42, 60, 61, 62, 65, 68, 71, 79, 80, 81, 111, 141, 173, 205, 231, 257, 285, 288, 289, 291, 292, 294, 295, 296, 298, 299, 301, 302, 304, 330, 331, 333, 334, 336, 337, 338, 339, 341, 377, 378, 379, 380, 381, 382, 384, 385, 386, 420, 421, 423, 424, 425, 426, 428, 429, 430, 456, 457, 458, 459, 460, 461, 489, 490, 493, 494, 495, 496, 497, 498, 501, 502, 503, 504, 505, 506, 508, 509, 510, 511, 512, 514, 547, 549, 550, 552, 553, 554, 556, 557, 559, 609, 610, 611, 614, 615, 619, 621, 622, 623, 624, 626, 628, 630, 633, 656, 659, 660, 662, 664, 666, 669, 670, 671, 672, 674, 675, 677, 690, 692, 693, 694, 695, 696, 698, 791, 792], "summary": {"covered_lines": 134, "num_statements": 203, "percent_covered": 66.00985221674877, "percent_covered_display": "66", "missing_lines": 69, "excluded_lines": 0}, "missing_lines": [75, 286, 575, 576, 577, 578, 579, 580, 582, 584, 586, 587, 588, 589, 590, 592, 593, 596, 616, 625, 627, 631, 663, 673, 702, 706, 715, 716, 718, 721, 722, 724, 726, 728, 731, 732, 733, 735, 736, 737, 738, 739, 740, 742, 743, 745, 747, 756, 758, 761, 762, 763, 764, 766, 768, 771, 772, 773, 775, 776, 778, 779, 780, 781, 782, 783, 785, 786, 788], "excluded_lines": []}, "": {"executed_lines": [1, 8, 9, 10, 12, 15, 16, 27, 44, 73, 77, 83, 113, 143, 175, 207, 233, 259, 306, 343, 388, 432, 463, 516, 561, 598, 635, 636, 679, 700, 704, 708, 709, 749, 750, 790], "summary": {"covered_lines": 34, "num_statements": 34, "percent_covered": 100.0, "percent_covered_display": "100", "missing_lines": 0, "excluded_lines": 0}, "missing_lines": [], "excluded_lines": []}}}}, "totals": {"covered_lines": 332, "num_statements": 788, "percent_covered": 42.131979695431475, "percent_covered_display": "42", "missing_lines": 456, "excluded_lines": 0}}